{
  "RSpec": {
    "coverage": {
      "/Volumes/GoogleDrive/My Drive/Code/Projects/Web/Sites/liyicky.com/liyickyv5/app/helpers/application_helper.rb": {
        "lines": [
          1,
          null
        ]
      },
      "/Volumes/GoogleDrive/My Drive/Code/Projects/Web/Sites/liyicky.com/liyickyv5/app/helpers/blog_posts_helper.rb": {
        "lines": [
          1,
          null
        ]
      },
      "/Volumes/GoogleDrive/My Drive/Code/Projects/Web/Sites/liyicky.com/liyickyv5/app/helpers/index_helper.rb": {
        "lines": [
          1,
          null
        ]
      },
      "/Volumes/GoogleDrive/My Drive/Code/Projects/Web/Sites/liyicky.com/liyickyv5/app/models/blog_post.rb": {
        "lines": [
          1,
          null,
          1,
          1,
          null,
          1,
          5,
          null,
          null,
          null,
          1,
          11,
          11,
          11,
          11,
          null,
          11,
          11,
          11,
          null,
          null,
          1,
          2,
          2,
          13,
          2,
          2,
          null,
          null,
          null
        ]
      },
      "/Volumes/GoogleDrive/My Drive/Code/Projects/Web/Sites/liyicky.com/liyickyv5/app/models/application_record.rb": {
        "lines": [
          1,
          1,
          null
        ]
      },
      "/Volumes/GoogleDrive/My Drive/Code/Projects/Web/Sites/liyicky.com/liyickyv5/app/models/medium_api.rb": {
        "lines": [
          1,
          1,
          null,
          null,
          null,
          1,
          null,
          1,
          2,
          null,
          2,
          1,
          null,
          1,
          null,
          null,
          null,
          1,
          1,
          null,
          null
        ]
      },
      "/Volumes/GoogleDrive/My Drive/Code/Projects/Web/Sites/liyicky.com/liyickyv5/app/channels/application_cable/channel.rb": {
        "lines": [
          0,
          0,
          0,
          0
        ],
        "branches": {
        }
      },
      "/Volumes/GoogleDrive/My Drive/Code/Projects/Web/Sites/liyicky.com/liyickyv5/app/channels/application_cable/connection.rb": {
        "lines": [
          0,
          0,
          0,
          0
        ],
        "branches": {
        }
      },
      "/Volumes/GoogleDrive/My Drive/Code/Projects/Web/Sites/liyicky.com/liyickyv5/app/controllers/application_controller.rb": {
        "lines": [
          0,
          0
        ],
        "branches": {
        }
      },
      "/Volumes/GoogleDrive/My Drive/Code/Projects/Web/Sites/liyicky.com/liyickyv5/app/controllers/blog_posts_controller.rb": {
        "lines": [
          0,
          0
        ],
        "branches": {
        }
      },
      "/Volumes/GoogleDrive/My Drive/Code/Projects/Web/Sites/liyicky.com/liyickyv5/app/controllers/index_controller.rb": {
        "lines": [
          0,
          null,
          0,
          0,
          0,
          0
        ],
        "branches": {
        }
      },
      "/Volumes/GoogleDrive/My Drive/Code/Projects/Web/Sites/liyicky.com/liyickyv5/app/jobs/application_job.rb": {
        "lines": [
          0,
          null,
          null,
          null,
          null,
          null,
          0
        ],
        "branches": {
        }
      },
      "/Volumes/GoogleDrive/My Drive/Code/Projects/Web/Sites/liyicky.com/liyickyv5/app/mailers/application_mailer.rb": {
        "lines": [
          0,
          0,
          0,
          0
        ],
        "branches": {
        }
      },
      "/Volumes/GoogleDrive/My Drive/Code/Projects/Web/Sites/liyicky.com/liyickyv5/app/models/user.rb": {
        "lines": [
          0,
          null,
          null,
          0,
          0,
          0,
          0,
          0,
          0
        ],
        "branches": {
        }
      }
    },
    "timestamp": 1647601449
  }
}
